[19:11:17] [Server thread/INFO]: Starting minecraft server version 1.8.8
[19:11:17] [Server thread/INFO]: Loading properties
[19:11:17] [Server thread/WARN]: server.properties does not exist
[19:11:17] [Server thread/INFO]: Generating new properties file
[19:11:17] [Server console handler/ERROR]: Exception handling console input
java.io.IOException: ÉnÉìÉhÉãÇ™ñ≥å¯Ç≈Ç∑ÅB
	at java.io.FileInputStream.readBytes(Native Method) ~[?:1.8.0_451]
	at java.io.FileInputStream.read(Unknown Source) ~[?:1.8.0_451]
	at java.io.BufferedInputStream.fill(Unknown Source) ~[?:1.8.0_451]
	at java.io.BufferedInputStream.read(Unknown Source) ~[?:1.8.0_451]
	at org.bukkit.craftbukkit.libs.jline.internal.NonBlockingInputStream.read(NonBlockingInputStream.java:248) ~[patched_1.8.8.jar:git-PaperSpigot-445]
	at org.bukkit.craftbukkit.libs.jline.internal.InputStreamReader.read(InputStreamReader.java:261) ~[patched_1.8.8.jar:git-PaperSpigot-445]
	at org.bukkit.craftbukkit.libs.jline.internal.InputStreamReader.read(InputStreamReader.java:198) ~[patched_1.8.8.jar:git-PaperSpigot-445]
	at org.bukkit.craftbukkit.libs.jline.console.ConsoleReader.readCharacter(ConsoleReader.java:2145) ~[patched_1.8.8.jar:git-PaperSpigot-445]
	at org.bukkit.craftbukkit.libs.jline.console.ConsoleReader.readLineSimple(ConsoleReader.java:3183) ~[patched_1.8.8.jar:git-PaperSpigot-445]
	at org.bukkit.craftbukkit.libs.jline.console.ConsoleReader.readLine(ConsoleReader.java:2333) ~[patched_1.8.8.jar:git-PaperSpigot-445]
	at org.bukkit.craftbukkit.libs.jline.console.ConsoleReader.readLine(ConsoleReader.java:2269) ~[patched_1.8.8.jar:git-PaperSpigot-445]
	at org.bukkit.craftbukkit.libs.jline.console.ConsoleReader.readLine(ConsoleReader.java:2257) ~[patched_1.8.8.jar:git-PaperSpigot-445]
	at net.minecraft.server.v1_8_R3.DedicatedServer$2.run(DedicatedServer.java:81) [patched_1.8.8.jar:git-PaperSpigot-445]
[19:11:17] [Server thread/WARN]: Failed to load eula.txt
[19:11:17] [Server thread/INFO]: You need to agree to the EULA in order to run the server. Go to eula.txt for more info.
[19:11:17] [Server thread/INFO]: Stopping server
